[16:59:23,963  INFO ClassPathXmlApplicationContext:495] - Refreshing org.springframework.context.support.ClassPathXmlApplicationContext@36d251a3: startup date [Thu Jul 19 16:59:23 BST 2012]; root of context hierarchy
[16:59:24,112  INFO XmlBeanDefinitionReader:315] - Loading XML bean definitions from class path resource [spring-config.xml]
[16:59:24,932  INFO PropertyPlaceholderConfigurer:177] - Loading properties file from class path resource [config.properties]
[16:59:24,946  INFO DefaultListableBeanFactory:557] - Pre-instantiating singletons in org.springframework.beans.factory.support.DefaultListableBeanFactory@6659fb21: defining beans [configProperties,sbmlToRdf,biomodelswsclient,SBMLtoRDFGeneratorImpl]; root of factory hierarchy
[17:01:17,438  INFO ClassPathXmlApplicationContext:495] - Refreshing org.springframework.context.support.ClassPathXmlApplicationContext@37f5d386: startup date [Thu Jul 19 17:01:17 BST 2012]; root of context hierarchy
[17:01:17,508  INFO XmlBeanDefinitionReader:315] - Loading XML bean definitions from class path resource [spring-config.xml]
[17:01:18,119  INFO PropertyPlaceholderConfigurer:177] - Loading properties file from class path resource [config.properties]
[17:01:18,133  INFO DefaultListableBeanFactory:557] - Pre-instantiating singletons in org.springframework.beans.factory.support.DefaultListableBeanFactory@48a77106: defining beans [configProperties,sbmlToRdf,biomodelswsclient,SBMLtoRDFGeneratorImpl]; root of factory hierarchy
[17:01:21,502  WARN LiteralLabelImpl:129] - inventing a datatype for class org.sbml.jsbml.Unit$Kind
[17:01:52,229  INFO ClassPathXmlApplicationContext:495] - Refreshing org.springframework.context.support.ClassPathXmlApplicationContext@37f5d386: startup date [Thu Jul 19 17:01:52 BST 2012]; root of context hierarchy
[17:01:52,318  INFO XmlBeanDefinitionReader:315] - Loading XML bean definitions from class path resource [spring-config.xml]
[17:01:52,931  INFO PropertyPlaceholderConfigurer:177] - Loading properties file from class path resource [config.properties]
[17:01:52,942  INFO DefaultListableBeanFactory:557] - Pre-instantiating singletons in org.springframework.beans.factory.support.DefaultListableBeanFactory@68ed662d: defining beans [configProperties,sbmlToRdf,biomodelswsclient,SBMLtoRDFGeneratorImpl]; root of factory hierarchy
[17:03:01,241  INFO ClassPathXmlApplicationContext:495] - Refreshing org.springframework.context.support.ClassPathXmlApplicationContext@5f70bea5: startup date [Thu Jul 19 17:03:01 BST 2012]; root of context hierarchy
[17:03:01,426  INFO XmlBeanDefinitionReader:315] - Loading XML bean definitions from class path resource [spring-config.xml]
[17:03:02,167  INFO PropertyPlaceholderConfigurer:177] - Loading properties file from class path resource [config.properties]
[17:03:02,181  INFO DefaultListableBeanFactory:557] - Pre-instantiating singletons in org.springframework.beans.factory.support.DefaultListableBeanFactory@168e4805: defining beans [configProperties,sbmlToRdf,biomodelswsclient,SBMLtoRDFGeneratorImpl]; root of factory hierarchy
[17:04:08,573  INFO ClassPathXmlApplicationContext:495] - Refreshing org.springframework.context.support.ClassPathXmlApplicationContext@19b8e059: startup date [Thu Jul 19 17:04:08 BST 2012]; root of context hierarchy
[17:04:08,651  INFO XmlBeanDefinitionReader:315] - Loading XML bean definitions from class path resource [spring-config.xml]
[17:04:09,373  INFO PropertyPlaceholderConfigurer:177] - Loading properties file from class path resource [config.properties]
[17:04:09,378  INFO DefaultListableBeanFactory:433] - Destroying singletons in org.springframework.beans.factory.support.DefaultListableBeanFactory@68ed662d: defining beans [configProperties,sbmlToRdf,biomodelswsclient,SBMLtoRDFGeneratorImpl]; root of factory hierarchy
[17:05:32,761  INFO ClassPathXmlApplicationContext:495] - Refreshing org.springframework.context.support.ClassPathXmlApplicationContext@29edc073: startup date [Thu Jul 19 17:05:32 BST 2012]; root of context hierarchy
[17:05:32,837  INFO XmlBeanDefinitionReader:315] - Loading XML bean definitions from class path resource [spring-config.xml]
[17:05:33,544  INFO PropertyPlaceholderConfigurer:177] - Loading properties file from class path resource [config.properties]
[17:05:33,555  INFO DefaultListableBeanFactory:557] - Pre-instantiating singletons in org.springframework.beans.factory.support.DefaultListableBeanFactory@48a77106: defining beans [configProperties,sbmlToRdf,biomodelswsclient,SBMLtoRDFGeneratorImpl]; root of factory hierarchy
[17:06:58,417  INFO ClassPathXmlApplicationContext:495] - Refreshing org.springframework.context.support.ClassPathXmlApplicationContext@6c121f1d: startup date [Thu Jul 19 17:06:58 BST 2012]; root of context hierarchy
[17:06:58,506  INFO XmlBeanDefinitionReader:315] - Loading XML bean definitions from class path resource [spring-config.xml]
[17:06:59,134  INFO PropertyPlaceholderConfigurer:177] - Loading properties file from class path resource [config.properties]
[17:06:59,145  INFO DefaultListableBeanFactory:557] - Pre-instantiating singletons in org.springframework.beans.factory.support.DefaultListableBeanFactory@68ed662d: defining beans [configProperties,sbmlToRdf,biomodelswsclient,SBMLtoRDFGeneratorImpl]; root of factory hierarchy
[17:07:07,066  INFO ClassPathXmlApplicationContext:495] - Refreshing org.springframework.context.support.ClassPathXmlApplicationContext@1ed0af9b: startup date [Thu Jul 19 17:07:07 BST 2012]; root of context hierarchy
[17:07:07,159  INFO XmlBeanDefinitionReader:315] - Loading XML bean definitions from class path resource [spring-config.xml]
[17:07:07,895  INFO PropertyPlaceholderConfigurer:177] - Loading properties file from class path resource [config.properties]
[17:07:07,907  INFO DefaultListableBeanFactory:557] - Pre-instantiating singletons in org.springframework.beans.factory.support.DefaultListableBeanFactory@7f6877f8: defining beans [configProperties,sbmlToRdf,biomodelswsclient,SBMLtoRDFGeneratorImpl]; root of factory hierarchy
[17:07:49,771  INFO ClassPathXmlApplicationContext:495] - Refreshing org.springframework.context.support.ClassPathXmlApplicationContext@36d251a3: startup date [Thu Jul 19 17:07:49 BST 2012]; root of context hierarchy
[17:07:49,853  INFO XmlBeanDefinitionReader:315] - Loading XML bean definitions from class path resource [spring-config.xml]
[17:07:50,465  INFO PropertyPlaceholderConfigurer:177] - Loading properties file from class path resource [config.properties]
[17:07:50,476  INFO DefaultListableBeanFactory:557] - Pre-instantiating singletons in org.springframework.beans.factory.support.DefaultListableBeanFactory@1d766806: defining beans [configProperties,sbmlToRdf,biomodelswsclient,SBMLtoRDFGeneratorImpl]; root of factory hierarchy
[04:20:47,018  INFO ClassPathXmlApplicationContext:495] - Refreshing org.springframework.context.support.ClassPathXmlApplicationContext@37f5d386: startup date [Fri Jul 20 04:20:46 BST 2012]; root of context hierarchy
[04:20:47,088  INFO XmlBeanDefinitionReader:315] - Loading XML bean definitions from class path resource [spring-config.xml]
[04:20:47,806  INFO PropertyPlaceholderConfigurer:177] - Loading properties file from class path resource [config.properties]
[04:20:47,822  INFO DefaultListableBeanFactory:557] - Pre-instantiating singletons in org.springframework.beans.factory.support.DefaultListableBeanFactory@48a77106: defining beans [configProperties,sbmlToRdf,biomodelswsclient,sbmlToRdfGeneratorImpl]; root of factory hierarchy
[04:20:50,648  WARN LiteralLabelImpl:129] - inventing a datatype for class org.sbml.jsbml.Unit$Kind
[04:22:59,493  WARN RDFAnnotationParser:135] - RDFAnnotationParser : processAttribute : found an unknown attribute 'parseType', the attribute is ignored (elementName = created).
[04:22:59,493  WARN RDFAnnotationParser:135] - RDFAnnotationParser : processAttribute : found an unknown attribute 'parseType', the attribute is ignored (elementName = modified).
[04:28:32,804  INFO ClassPathXmlApplicationContext:495] - Refreshing org.springframework.context.support.ClassPathXmlApplicationContext@62f47396: startup date [Fri Jul 20 04:28:32 BST 2012]; root of context hierarchy
[04:28:32,883  INFO XmlBeanDefinitionReader:315] - Loading XML bean definitions from class path resource [spring-config.xml]
[04:28:33,576  INFO PropertyPlaceholderConfigurer:177] - Loading properties file from class path resource [config.properties]
[04:28:33,587  INFO DefaultListableBeanFactory:557] - Pre-instantiating singletons in org.springframework.beans.factory.support.DefaultListableBeanFactory@7f6877f8: defining beans [configProperties,sbmlToRdf,biomodelswsclient,sbmlToRdfGeneratorImpl]; root of factory hierarchy
[04:32:57,649  INFO ClassPathXmlApplicationContext:495] - Refreshing org.springframework.context.support.ClassPathXmlApplicationContext@29edc073: startup date [Fri Jul 20 04:32:57 BST 2012]; root of context hierarchy
[04:32:57,751  INFO XmlBeanDefinitionReader:315] - Loading XML bean definitions from class path resource [spring-config.xml]
[04:32:58,350  INFO PropertyPlaceholderConfigurer:177] - Loading properties file from class path resource [config.properties]
[04:32:58,360  INFO DefaultListableBeanFactory:557] - Pre-instantiating singletons in org.springframework.beans.factory.support.DefaultListableBeanFactory@580eac5a: defining beans [configProperties,sbmlToRdf,biomodelswsclient,sbmlToRdfGeneratorImpl]; root of factory hierarchy
[04:36:41,971  INFO ClassPathXmlApplicationContext:495] - Refreshing org.springframework.context.support.ClassPathXmlApplicationContext@13f6ba0f: startup date [Fri Jul 20 04:36:41 BST 2012]; root of context hierarchy
[04:36:42,052  INFO XmlBeanDefinitionReader:315] - Loading XML bean definitions from class path resource [spring-config.xml]
[04:36:42,898  INFO PropertyPlaceholderConfigurer:177] - Loading properties file from class path resource [config.properties]
[04:36:42,909  INFO DefaultListableBeanFactory:557] - Pre-instantiating singletons in org.springframework.beans.factory.support.DefaultListableBeanFactory@52b57e9a: defining beans [configProperties,sbmlToRdf,biomodelswsclient,sbmlToRdfGeneratorImpl]; root of factory hierarchy
